/home/jmvvznbb/finanze/server.js:185
    const saldoIniziale = saldo[0]?.saldo || 0;
                                   ^

SyntaxError: Unexpected token .
    at Module._compile (internal/modules/cjs/loader.js:723:23)
    at Object.Module._extensions..js (internal/modules/cjs/loader.js:789:10)
    at Module.load (internal/modules/cjs/loader.js:653:32)
    at tryModuleLoad (internal/modules/cjs/loader.js:593:12)
    at Function.Module._load (internal/modules/cjs/loader.js:585:3)
    at Module.require (internal/modules/cjs/loader.js:692:17)
    at require (internal/modules/cjs/helpers.js:25:18)
    at startApplication (/usr/local/lsws/fcgi-bin/lsnode.js:48:15)
    at Object.<anonymous> (/usr/local/lsws/fcgi-bin/lsnode.js:16:1)
    at Module._compile (internal/modules/cjs/loader.js:778:30)
/home/jmvvznbb/finanze/server.js:185
    const saldoIniziale = saldo[0]?.saldo || 0;
                                   ^

SyntaxError: Unexpected token .
    at Module._compile (internal/modules/cjs/loader.js:723:23)
    at Object.Module._extensions..js (internal/modules/cjs/loader.js:789:10)
    at Module.load (internal/modules/cjs/loader.js:653:32)
    at tryModuleLoad (internal/modules/cjs/loader.js:593:12)
    at Function.Module._load (internal/modules/cjs/loader.js:585:3)
    at Module.require (internal/modules/cjs/loader.js:692:17)
    at require (internal/modules/cjs/helpers.js:25:18)
    at startApplication (/usr/local/lsws/fcgi-bin/lsnode.js:48:15)
    at Object.<anonymous> (/usr/local/lsws/fcgi-bin/lsnode.js:16:1)
    at Module._compile (internal/modules/cjs/loader.js:778:30)
/home/jmvvznbb/finanze/server.js:185
    const saldoIniziale = saldo[0]?.saldo || 0;
                                   ^

SyntaxError: Unexpected token .
    at Module._compile (internal/modules/cjs/loader.js:723:23)
    at Object.Module._extensions..js (internal/modules/cjs/loader.js:789:10)
    at Module.load (internal/modules/cjs/loader.js:653:32)
    at tryModuleLoad (internal/modules/cjs/loader.js:593:12)
    at Function.Module._load (internal/modules/cjs/loader.js:585:3)
    at Module.require (internal/modules/cjs/loader.js:692:17)
    at require (internal/modules/cjs/helpers.js:25:18)
    at startApplication (/usr/local/lsws/fcgi-bin/lsnode.js:48:15)
    at Object.<anonymous> (/usr/local/lsws/fcgi-bin/lsnode.js:16:1)
    at Module._compile (internal/modules/cjs/loader.js:778:30)
/home/jmvvznbb/finanze/server.js:185
    const saldoIniziale = saldo[0]?.saldo || 0;
                                   ^

SyntaxError: Unexpected token .
    at Module._compile (internal/modules/cjs/loader.js:723:23)
    at Object.Module._extensions..js (internal/modules/cjs/loader.js:789:10)
    at Module.load (internal/modules/cjs/loader.js:653:32)
    at tryModuleLoad (internal/modules/cjs/loader.js:593:12)
    at Function.Module._load (internal/modules/cjs/loader.js:585:3)
    at Module.require (internal/modules/cjs/loader.js:692:17)
    at require (internal/modules/cjs/helpers.js:25:18)
    at startApplication (/usr/local/lsws/fcgi-bin/lsnode.js:48:15)
    at Object.<anonymous> (/usr/local/lsws/fcgi-bin/lsnode.js:16:1)
    at Module._compile (internal/modules/cjs/loader.js:778:30)
/home/jmvvznbb/finanze/server.js:185
    const saldoIniziale = saldo[0]?.saldo || 0;
                                   ^

SyntaxError: Unexpected token .
    at Module._compile (internal/modules/cjs/loader.js:723:23)
    at Object.Module._extensions..js (internal/modules/cjs/loader.js:789:10)
    at Module.load (internal/modules/cjs/loader.js:653:32)
    at tryModuleLoad (internal/modules/cjs/loader.js:593:12)
    at Function.Module._load (internal/modules/cjs/loader.js:585:3)
    at Module.require (internal/modules/cjs/loader.js:692:17)
    at require (internal/modules/cjs/helpers.js:25:18)
    at startApplication (/usr/local/lsws/fcgi-bin/lsnode.js:48:15)
    at Object.<anonymous> (/usr/local/lsws/fcgi-bin/lsnode.js:16:1)
    at Module._compile (internal/modules/cjs/loader.js:778:30)
/home/jmvvznbb/finanze/server.js:185
    const saldoIniziale = saldo[0]?.saldo || 0;
                                   ^

SyntaxError: Unexpected token .
    at Module._compile (internal/modules/cjs/loader.js:723:23)
    at Object.Module._extensions..js (internal/modules/cjs/loader.js:789:10)
    at Module.load (internal/modules/cjs/loader.js:653:32)
    at tryModuleLoad (internal/modules/cjs/loader.js:593:12)
    at Function.Module._load (internal/modules/cjs/loader.js:585:3)
    at Module.require (internal/modules/cjs/loader.js:692:17)
    at require (internal/modules/cjs/helpers.js:25:18)
    at startApplication (/usr/local/lsws/fcgi-bin/lsnode.js:48:15)
    at Object.<anonymous> (/usr/local/lsws/fcgi-bin/lsnode.js:16:1)
    at Module._compile (internal/modules/cjs/loader.js:778:30)
/home/jmvvznbb/finanze/server.js:185
    const saldoIniziale = saldo[0]?.saldo || 0;
                                   ^

SyntaxError: Unexpected token .
    at Module._compile (internal/modules/cjs/loader.js:723:23)
    at Object.Module._extensions..js (internal/modules/cjs/loader.js:789:10)
    at Module.load (internal/modules/cjs/loader.js:653:32)
    at tryModuleLoad (internal/modules/cjs/loader.js:593:12)
    at Function.Module._load (internal/modules/cjs/loader.js:585:3)
    at Module.require (internal/modules/cjs/loader.js:692:17)
    at require (internal/modules/cjs/helpers.js:25:18)
    at startApplication (/usr/local/lsws/fcgi-bin/lsnode.js:48:15)
    at Object.<anonymous> (/usr/local/lsws/fcgi-bin/lsnode.js:16:1)
    at Module._compile (internal/modules/cjs/loader.js:778:30)
/home/jmvvznbb/finanze/server.js:185
    const saldoIniziale = saldo[0]?.saldo || 0;
                                   ^

SyntaxError: Unexpected token .
    at Module._compile (internal/modules/cjs/loader.js:723:23)
    at Object.Module._extensions..js (internal/modules/cjs/loader.js:789:10)
    at Module.load (internal/modules/cjs/loader.js:653:32)
    at tryModuleLoad (internal/modules/cjs/loader.js:593:12)
    at Function.Module._load (internal/modules/cjs/loader.js:585:3)
    at Module.require (internal/modules/cjs/loader.js:692:17)
    at require (internal/modules/cjs/helpers.js:25:18)
    at startApplication (/usr/local/lsws/fcgi-bin/lsnode.js:48:15)
    at Object.<anonymous> (/usr/local/lsws/fcgi-bin/lsnode.js:16:1)
    at Module._compile (internal/modules/cjs/loader.js:778:30)
/home/jmvvznbb/finanze/server.js:185
    const saldoIniziale = saldo[0]?.saldo || 0;
                                   ^

SyntaxError: Unexpected token .
    at Module._compile (internal/modules/cjs/loader.js:723:23)
    at Object.Module._extensions..js (internal/modules/cjs/loader.js:789:10)
    at Module.load (internal/modules/cjs/loader.js:653:32)
    at tryModuleLoad (internal/modules/cjs/loader.js:593:12)
    at Function.Module._load (internal/modules/cjs/loader.js:585:3)
    at Module.require (internal/modules/cjs/loader.js:692:17)
    at require (internal/modules/cjs/helpers.js:25:18)
    at startApplication (/usr/local/lsws/fcgi-bin/lsnode.js:48:15)
    at Object.<anonymous> (/usr/local/lsws/fcgi-bin/lsnode.js:16:1)
    at Module._compile (internal/modules/cjs/loader.js:778:30)
/home/jmvvznbb/finanze/server.js:185
    const saldoIniziale = saldo[0]?.saldo || 0;
                                   ^

SyntaxError: Unexpected token .
    at Module._compile (internal/modules/cjs/loader.js:723:23)
    at Object.Module._extensions..js (internal/modules/cjs/loader.js:789:10)
    at Module.load (internal/modules/cjs/loader.js:653:32)
    at tryModuleLoad (internal/modules/cjs/loader.js:593:12)
    at Function.Module._load (internal/modules/cjs/loader.js:585:3)
    at Module.require (internal/modules/cjs/loader.js:692:17)
    at require (internal/modules/cjs/helpers.js:25:18)
    at startApplication (/usr/local/lsws/fcgi-bin/lsnode.js:48:15)
    at Object.<anonymous> (/usr/local/lsws/fcgi-bin/lsnode.js:16:1)
    at Module._compile (internal/modules/cjs/loader.js:778:30)
/home/jmvvznbb/finanze/server.js:185
    const saldoIniziale = saldo[0]?.saldo || 0;
                                   ^

SyntaxError: Unexpected token .
    at Module._compile (internal/modules/cjs/loader.js:723:23)
    at Object.Module._extensions..js (internal/modules/cjs/loader.js:789:10)
    at Module.load (internal/modules/cjs/loader.js:653:32)
    at tryModuleLoad (internal/modules/cjs/loader.js:593:12)
    at Function.Module._load (internal/modules/cjs/loader.js:585:3)
    at Module.require (internal/modules/cjs/loader.js:692:17)
    at require (internal/modules/cjs/helpers.js:25:18)
    at startApplication (/usr/local/lsws/fcgi-bin/lsnode.js:48:15)
    at Object.<anonymous> (/usr/local/lsws/fcgi-bin/lsnode.js:16:1)
    at Module._compile (internal/modules/cjs/loader.js:778:30)
/home/jmvvznbb/finanze/server.js:185
    const saldoIniziale = saldo[0]?.saldo || 0;
                                   ^

SyntaxError: Unexpected token .
    at Module._compile (internal/modules/cjs/loader.js:723:23)
    at Object.Module._extensions..js (internal/modules/cjs/loader.js:789:10)
    at Module.load (internal/modules/cjs/loader.js:653:32)
    at tryModuleLoad (internal/modules/cjs/loader.js:593:12)
    at Function.Module._load (internal/modules/cjs/loader.js:585:3)
    at Module.require (internal/modules/cjs/loader.js:692:17)
    at require (internal/modules/cjs/helpers.js:25:18)
    at startApplication (/usr/local/lsws/fcgi-bin/lsnode.js:48:15)
    at Object.<anonymous> (/usr/local/lsws/fcgi-bin/lsnode.js:16:1)
    at Module._compile (internal/modules/cjs/loader.js:778:30)
/home/jmvvznbb/finanze/server.js:185
    const saldoIniziale = saldo[0]?.saldo || 0;
                                   ^

SyntaxError: Unexpected token .
    at Module._compile (internal/modules/cjs/loader.js:723:23)
    at Object.Module._extensions..js (internal/modules/cjs/loader.js:789:10)
    at Module.load (internal/modules/cjs/loader.js:653:32)
    at tryModuleLoad (internal/modules/cjs/loader.js:593:12)
    at Function.Module._load (internal/modules/cjs/loader.js:585:3)
    at Module.require (internal/modules/cjs/loader.js:692:17)
    at require (internal/modules/cjs/helpers.js:25:18)
    at startApplication (/usr/local/lsws/fcgi-bin/lsnode.js:48:15)
    at Object.<anonymous> (/usr/local/lsws/fcgi-bin/lsnode.js:16:1)
    at Module._compile (internal/modules/cjs/loader.js:778:30)
/home/jmvvznbb/finanze/server.js:185
    const saldoIniziale = saldo[0]?.saldo || 0;
                                   ^

SyntaxError: Unexpected token .
    at Module._compile (internal/modules/cjs/loader.js:723:23)
    at Object.Module._extensions..js (internal/modules/cjs/loader.js:789:10)
    at Module.load (internal/modules/cjs/loader.js:653:32)
    at tryModuleLoad (internal/modules/cjs/loader.js:593:12)
    at Function.Module._load (internal/modules/cjs/loader.js:585:3)
    at Module.require (internal/modules/cjs/loader.js:692:17)
    at require (internal/modules/cjs/helpers.js:25:18)
    at startApplication (/usr/local/lsws/fcgi-bin/lsnode.js:48:15)
    at Object.<anonymous> (/usr/local/lsws/fcgi-bin/lsnode.js:16:1)
    at Module._compile (internal/modules/cjs/loader.js:778:30)
/home/jmvvznbb/finanze/server.js:185
    const saldoIniziale = saldo[0]?.saldo || 0;
                                   ^

SyntaxError: Unexpected token .
    at Module._compile (internal/modules/cjs/loader.js:723:23)
    at Object.Module._extensions..js (internal/modules/cjs/loader.js:789:10)
    at Module.load (internal/modules/cjs/loader.js:653:32)
    at tryModuleLoad (internal/modules/cjs/loader.js:593:12)
    at Function.Module._load (internal/modules/cjs/loader.js:585:3)
    at Module.require (internal/modules/cjs/loader.js:692:17)
    at require (internal/modules/cjs/helpers.js:25:18)
    at startApplication (/usr/local/lsws/fcgi-bin/lsnode.js:48:15)
    at Object.<anonymous> (/usr/local/lsws/fcgi-bin/lsnode.js:16:1)
    at Module._compile (internal/modules/cjs/loader.js:778:30)
/home/jmvvznbb/finanze/server.js:185
    const saldoIniziale = saldo[0]?.saldo || 0;
                                   ^

SyntaxError: Unexpected token .
    at Module._compile (internal/modules/cjs/loader.js:723:23)
    at Object.Module._extensions..js (internal/modules/cjs/loader.js:789:10)
    at Module.load (internal/modules/cjs/loader.js:653:32)
    at tryModuleLoad (internal/modules/cjs/loader.js:593:12)
    at Function.Module._load (internal/modules/cjs/loader.js:585:3)
    at Module.require (internal/modules/cjs/loader.js:692:17)
    at require (internal/modules/cjs/helpers.js:25:18)
    at startApplication (/usr/local/lsws/fcgi-bin/lsnode.js:48:15)
    at Object.<anonymous> (/usr/local/lsws/fcgi-bin/lsnode.js:16:1)
    at Module._compile (internal/modules/cjs/loader.js:778:30)
/home/jmvvznbb/finanze/server.js:185
    const saldoIniziale = saldo[0]?.saldo || 0;
                                   ^

SyntaxError: Unexpected token .
    at Module._compile (internal/modules/cjs/loader.js:723:23)
    at Object.Module._extensions..js (internal/modules/cjs/loader.js:789:10)
    at Module.load (internal/modules/cjs/loader.js:653:32)
    at tryModuleLoad (internal/modules/cjs/loader.js:593:12)
    at Function.Module._load (internal/modules/cjs/loader.js:585:3)
    at Module.require (internal/modules/cjs/loader.js:692:17)
    at require (internal/modules/cjs/helpers.js:25:18)
    at startApplication (/usr/local/lsws/fcgi-bin/lsnode.js:48:15)
    at Object.<anonymous> (/usr/local/lsws/fcgi-bin/lsnode.js:16:1)
    at Module._compile (internal/modules/cjs/loader.js:778:30)
/home/jmvvznbb/finanze/server.js:185
    const saldoIniziale = saldo[0]?.saldo || 0;
                                   ^

SyntaxError: Unexpected token .
    at Module._compile (internal/modules/cjs/loader.js:723:23)
    at Object.Module._extensions..js (internal/modules/cjs/loader.js:789:10)
    at Module.load (internal/modules/cjs/loader.js:653:32)
    at tryModuleLoad (internal/modules/cjs/loader.js:593:12)
    at Function.Module._load (internal/modules/cjs/loader.js:585:3)
    at Module.require (internal/modules/cjs/loader.js:692:17)
    at require (internal/modules/cjs/helpers.js:25:18)
    at startApplication (/usr/local/lsws/fcgi-bin/lsnode.js:48:15)
    at Object.<anonymous> (/usr/local/lsws/fcgi-bin/lsnode.js:16:1)
    at Module._compile (internal/modules/cjs/loader.js:778:30)
/home/jmvvznbb/finanze/server.js:185
    const saldoIniziale = saldo[0]?.saldo || 0;
                                   ^

SyntaxError: Unexpected token .
    at Module._compile (internal/modules/cjs/loader.js:723:23)
    at Object.Module._extensions..js (internal/modules/cjs/loader.js:789:10)
    at Module.load (internal/modules/cjs/loader.js:653:32)
    at tryModuleLoad (internal/modules/cjs/loader.js:593:12)
    at Function.Module._load (internal/modules/cjs/loader.js:585:3)
    at Module.require (internal/modules/cjs/loader.js:692:17)
    at require (internal/modules/cjs/helpers.js:25:18)
    at startApplication (/usr/local/lsws/fcgi-bin/lsnode.js:48:15)
    at Object.<anonymous> (/usr/local/lsws/fcgi-bin/lsnode.js:16:1)
    at Module._compile (internal/modules/cjs/loader.js:778:30)
/home/jmvvznbb/finanze/server.js:185
    const saldoIniziale = saldo[0]?.saldo || 0;
                                   ^

SyntaxError: Unexpected token .
    at Module._compile (internal/modules/cjs/loader.js:723:23)
    at Object.Module._extensions..js (internal/modules/cjs/loader.js:789:10)
    at Module.load (internal/modules/cjs/loader.js:653:32)
    at tryModuleLoad (internal/modules/cjs/loader.js:593:12)
    at Function.Module._load (internal/modules/cjs/loader.js:585:3)
    at Module.require (internal/modules/cjs/loader.js:692:17)
    at require (internal/modules/cjs/helpers.js:25:18)
    at startApplication (/usr/local/lsws/fcgi-bin/lsnode.js:48:15)
    at Object.<anonymous> (/usr/local/lsws/fcgi-bin/lsnode.js:16:1)
    at Module._compile (internal/modules/cjs/loader.js:778:30)
/home/jmvvznbb/finanze/server.js:185
    const saldoIniziale = saldo[0]?.saldo || 0;
                                   ^

SyntaxError: Unexpected token .
    at Module._compile (internal/modules/cjs/loader.js:723:23)
    at Object.Module._extensions..js (internal/modules/cjs/loader.js:789:10)
    at Module.load (internal/modules/cjs/loader.js:653:32)
    at tryModuleLoad (internal/modules/cjs/loader.js:593:12)
    at Function.Module._load (internal/modules/cjs/loader.js:585:3)
    at Module.require (internal/modules/cjs/loader.js:692:17)
    at require (internal/modules/cjs/helpers.js:25:18)
    at startApplication (/usr/local/lsws/fcgi-bin/lsnode.js:48:15)
    at Object.<anonymous> (/usr/local/lsws/fcgi-bin/lsnode.js:16:1)
    at Module._compile (internal/modules/cjs/loader.js:778:30)
/home/jmvvznbb/finanze/server.js:602
app.post('/api/users', authenticateToken, requireAdmin, async (req, res) => {
                                          ^

ReferenceError: requireAdmin is not defined
    at Object.<anonymous> (/home/jmvvznbb/finanze/server.js:602:43)
    at Module._compile (node:internal/modules/cjs/loader:1554:14)
    at Module._extensions..js (node:internal/modules/cjs/loader:1706:10)
    at Module.load (node:internal/modules/cjs/loader:1289:32)
    at Module._load (node:internal/modules/cjs/loader:1108:12)
    at TracingChannel.traceSync (node:diagnostics_channel:322:14)
    at wrapModuleLoad (node:internal/modules/cjs/loader:220:24)
    at Module.require (node:internal/modules/cjs/loader:1311:12)
    at require (node:internal/modules/helpers:136:16)
    at startApplication (/usr/local/lsws/fcgi-bin/lsnode.js:48:15)

Node.js v22.14.0
/home/jmvvznbb/finanze/server.js:602
app.post('/api/users', authenticateToken, requireAdmin, async (req, res) => {
                                          ^

ReferenceError: requireAdmin is not defined
    at Object.<anonymous> (/home/jmvvznbb/finanze/server.js:602:43)
    at Module._compile (node:internal/modules/cjs/loader:1554:14)
    at Module._extensions..js (node:internal/modules/cjs/loader:1706:10)
    at Module.load (node:internal/modules/cjs/loader:1289:32)
    at Module._load (node:internal/modules/cjs/loader:1108:12)
    at TracingChannel.traceSync (node:diagnostics_channel:322:14)
    at wrapModuleLoad (node:internal/modules/cjs/loader:220:24)
    at Module.require (node:internal/modules/cjs/loader:1311:12)
    at require (node:internal/modules/helpers:136:16)
    at startApplication (/usr/local/lsws/fcgi-bin/lsnode.js:48:15)

Node.js v22.14.0
/home/jmvvznbb/finanze/server.js:602
app.post('/api/users', authenticateToken, requireAdmin, async (req, res) => {
                                          ^

ReferenceError: requireAdmin is not defined
    at Object.<anonymous> (/home/jmvvznbb/finanze/server.js:602:43)
    at Module._compile (node:internal/modules/cjs/loader:1554:14)
    at Module._extensions..js (node:internal/modules/cjs/loader:1706:10)
    at Module.load (node:internal/modules/cjs/loader:1289:32)
    at Module._load (node:internal/modules/cjs/loader:1108:12)
    at TracingChannel.traceSync (node:diagnostics_channel:322:14)
    at wrapModuleLoad (node:internal/modules/cjs/loader:220:24)
    at Module.require (node:internal/modules/cjs/loader:1311:12)
    at require (node:internal/modules/helpers:136:16)
    at startApplication (/usr/local/lsws/fcgi-bin/lsnode.js:48:15)

Node.js v22.14.0
/home/jmvvznbb/finanze/server.js:602
app.post('/api/users', authenticateToken, requireAdmin, async (req, res) => {
                                          ^

ReferenceError: requireAdmin is not defined
    at Object.<anonymous> (/home/jmvvznbb/finanze/server.js:602:43)
    at Module._compile (node:internal/modules/cjs/loader:1554:14)
    at Module._extensions..js (node:internal/modules/cjs/loader:1706:10)
    at Module.load (node:internal/modules/cjs/loader:1289:32)
    at Module._load (node:internal/modules/cjs/loader:1108:12)
    at TracingChannel.traceSync (node:diagnostics_channel:322:14)
    at wrapModuleLoad (node:internal/modules/cjs/loader:220:24)
    at Module.require (node:internal/modules/cjs/loader:1311:12)
    at require (node:internal/modules/helpers:136:16)
    at startApplication (/usr/local/lsws/fcgi-bin/lsnode.js:48:15)

Node.js v22.14.0
/home/jmvvznbb/finanze/server.js:602
app.post('/api/users', authenticateToken, requireAdmin, async (req, res) => {
                                          ^

ReferenceError: requireAdmin is not defined
    at Object.<anonymous> (/home/jmvvznbb/finanze/server.js:602:43)
    at Module._compile (node:internal/modules/cjs/loader:1554:14)
    at Module._extensions..js (node:internal/modules/cjs/loader:1706:10)
    at Module.load (node:internal/modules/cjs/loader:1289:32)
    at Module._load (node:internal/modules/cjs/loader:1108:12)
    at TracingChannel.traceSync (node:diagnostics_channel:322:14)
    at wrapModuleLoad (node:internal/modules/cjs/loader:220:24)
    at Module.require (node:internal/modules/cjs/loader:1311:12)
    at require (node:internal/modules/helpers:136:16)
    at startApplication (/usr/local/lsws/fcgi-bin/lsnode.js:48:15)

Node.js v22.14.0
/home/jmvvznbb/finanze/server.js:602
app.post('/api/users', authenticateToken, requireAdmin, async (req, res) => {
                                          ^

ReferenceError: requireAdmin is not defined
    at Object.<anonymous> (/home/jmvvznbb/finanze/server.js:602:43)
    at Module._compile (node:internal/modules/cjs/loader:1554:14)
    at Module._extensions..js (node:internal/modules/cjs/loader:1706:10)
    at Module.load (node:internal/modules/cjs/loader:1289:32)
    at Module._load (node:internal/modules/cjs/loader:1108:12)
    at TracingChannel.traceSync (node:diagnostics_channel:322:14)
    at wrapModuleLoad (node:internal/modules/cjs/loader:220:24)
    at Module.require (node:internal/modules/cjs/loader:1311:12)
    at require (node:internal/modules/helpers:136:16)
    at startApplication (/usr/local/lsws/fcgi-bin/lsnode.js:48:15)

Node.js v22.14.0
/home/jmvvznbb/finanze/server.js:602
app.post('/api/users', authenticateToken, requireAdmin, async (req, res) => {
                                          ^

ReferenceError: requireAdmin is not defined
    at Object.<anonymous> (/home/jmvvznbb/finanze/server.js:602:43)
    at Module._compile (node:internal/modules/cjs/loader:1554:14)
    at Module._extensions..js (node:internal/modules/cjs/loader:1706:10)
    at Module.load (node:internal/modules/cjs/loader:1289:32)
    at Module._load (node:internal/modules/cjs/loader:1108:12)
    at TracingChannel.traceSync (node:diagnostics_channel:322:14)
    at wrapModuleLoad (node:internal/modules/cjs/loader:220:24)
    at Module.require (node:internal/modules/cjs/loader:1311:12)
    at require (node:internal/modules/helpers:136:16)
    at startApplication (/usr/local/lsws/fcgi-bin/lsnode.js:48:15)

Node.js v22.14.0
/home/jmvvznbb/finanze/server.js:602
app.post('/api/users', authenticateToken, requireAdmin, async (req, res) => {
                                          ^

ReferenceError: requireAdmin is not defined
    at Object.<anonymous> (/home/jmvvznbb/finanze/server.js:602:43)
    at Module._compile (node:internal/modules/cjs/loader:1554:14)
    at Module._extensions..js (node:internal/modules/cjs/loader:1706:10)
    at Module.load (node:internal/modules/cjs/loader:1289:32)
    at Module._load (node:internal/modules/cjs/loader:1108:12)
    at TracingChannel.traceSync (node:diagnostics_channel:322:14)
    at wrapModuleLoad (node:internal/modules/cjs/loader:220:24)
    at Module.require (node:internal/modules/cjs/loader:1311:12)
    at require (node:internal/modules/helpers:136:16)
    at startApplication (/usr/local/lsws/fcgi-bin/lsnode.js:48:15)

Node.js v22.14.0
/home/jmvvznbb/finanze/server.js:602
app.post('/api/users', authenticateToken, requireAdmin, async (req, res) => {
                                          ^

ReferenceError: requireAdmin is not defined
    at Object.<anonymous> (/home/jmvvznbb/finanze/server.js:602:43)
    at Module._compile (node:internal/modules/cjs/loader:1554:14)
    at Module._extensions..js (node:internal/modules/cjs/loader:1706:10)
    at Module.load (node:internal/modules/cjs/loader:1289:32)
    at Module._load (node:internal/modules/cjs/loader:1108:12)
    at TracingChannel.traceSync (node:diagnostics_channel:322:14)
    at wrapModuleLoad (node:internal/modules/cjs/loader:220:24)
    at Module.require (node:internal/modules/cjs/loader:1311:12)
    at require (node:internal/modules/helpers:136:16)
    at startApplication (/usr/local/lsws/fcgi-bin/lsnode.js:48:15)

Node.js v22.14.0
/home/jmvvznbb/finanze/server.js:602
app.post('/api/users', authenticateToken, requireAdmin, async (req, res) => {
                                          ^

ReferenceError: requireAdmin is not defined
    at Object.<anonymous> (/home/jmvvznbb/finanze/server.js:602:43)
    at Module._compile (node:internal/modules/cjs/loader:1554:14)
    at Module._extensions..js (node:internal/modules/cjs/loader:1706:10)
    at Module.load (node:internal/modules/cjs/loader:1289:32)
    at Module._load (node:internal/modules/cjs/loader:1108:12)
    at TracingChannel.traceSync (node:diagnostics_channel:322:14)
    at wrapModuleLoad (node:internal/modules/cjs/loader:220:24)
    at Module.require (node:internal/modules/cjs/loader:1311:12)
    at require (node:internal/modules/helpers:136:16)
    at startApplication (/usr/local/lsws/fcgi-bin/lsnode.js:48:15)

Node.js v22.14.0
/home/jmvvznbb/finanze/server.js:602
app.post('/api/users', authenticateToken, requireAdmin, async (req, res) => {
                                          ^

ReferenceError: requireAdmin is not defined
    at Object.<anonymous> (/home/jmvvznbb/finanze/server.js:602:43)
    at Module._compile (node:internal/modules/cjs/loader:1554:14)
    at Module._extensions..js (node:internal/modules/cjs/loader:1706:10)
    at Module.load (node:internal/modules/cjs/loader:1289:32)
    at Module._load (node:internal/modules/cjs/loader:1108:12)
    at TracingChannel.traceSync (node:diagnostics_channel:322:14)
    at wrapModuleLoad (node:internal/modules/cjs/loader:220:24)
    at Module.require (node:internal/modules/cjs/loader:1311:12)
    at require (node:internal/modules/helpers:136:16)
    at startApplication (/usr/local/lsws/fcgi-bin/lsnode.js:48:15)

Node.js v22.14.0
/home/jmvvznbb/finanze/server.js:602
app.post('/api/users', authenticateToken, requireAdmin, async (req, res) => {
                                          ^

ReferenceError: requireAdmin is not defined
    at Object.<anonymous> (/home/jmvvznbb/finanze/server.js:602:43)
    at Module._compile (node:internal/modules/cjs/loader:1554:14)
    at Module._extensions..js (node:internal/modules/cjs/loader:1706:10)
    at Module.load (node:internal/modules/cjs/loader:1289:32)
    at Module._load (node:internal/modules/cjs/loader:1108:12)
    at TracingChannel.traceSync (node:diagnostics_channel:322:14)
    at wrapModuleLoad (node:internal/modules/cjs/loader:220:24)
    at Module.require (node:internal/modules/cjs/loader:1311:12)
    at require (node:internal/modules/helpers:136:16)
    at startApplication (/usr/local/lsws/fcgi-bin/lsnode.js:48:15)

Node.js v22.14.0
/home/jmvvznbb/finanze/server.js:602
app.post('/api/users', authenticateToken, requireAdmin, async (req, res) => {
                                          ^

ReferenceError: requireAdmin is not defined
    at Object.<anonymous> (/home/jmvvznbb/finanze/server.js:602:43)
    at Module._compile (node:internal/modules/cjs/loader:1554:14)
    at Module._extensions..js (node:internal/modules/cjs/loader:1706:10)
    at Module.load (node:internal/modules/cjs/loader:1289:32)
    at Module._load (node:internal/modules/cjs/loader:1108:12)
    at TracingChannel.traceSync (node:diagnostics_channel:322:14)
    at wrapModuleLoad (node:internal/modules/cjs/loader:220:24)
    at Module.require (node:internal/modules/cjs/loader:1311:12)
    at require (node:internal/modules/helpers:136:16)
    at startApplication (/usr/local/lsws/fcgi-bin/lsnode.js:48:15)

Node.js v22.14.0
/home/jmvvznbb/finanze/server.js:602
app.post('/api/users', authenticateToken, requireAdmin, async (req, res) => {
                                          ^

ReferenceError: requireAdmin is not defined
    at Object.<anonymous> (/home/jmvvznbb/finanze/server.js:602:43)
    at Module._compile (node:internal/modules/cjs/loader:1554:14)
    at Module._extensions..js (node:internal/modules/cjs/loader:1706:10)
    at Module.load (node:internal/modules/cjs/loader:1289:32)
    at Module._load (node:internal/modules/cjs/loader:1108:12)
    at TracingChannel.traceSync (node:diagnostics_channel:322:14)
    at wrapModuleLoad (node:internal/modules/cjs/loader:220:24)
    at Module.require (node:internal/modules/cjs/loader:1311:12)
    at require (node:internal/modules/helpers:136:16)
    at startApplication (/usr/local/lsws/fcgi-bin/lsnode.js:48:15)

Node.js v22.14.0
/home/jmvvznbb/finanze/server.js:602
app.post('/api/users', authenticateToken, requireAdmin, async (req, res) => {
                                          ^

ReferenceError: requireAdmin is not defined
    at Object.<anonymous> (/home/jmvvznbb/finanze/server.js:602:43)
    at Module._compile (node:internal/modules/cjs/loader:1554:14)
    at Module._extensions..js (node:internal/modules/cjs/loader:1706:10)
    at Module.load (node:internal/modules/cjs/loader:1289:32)
    at Module._load (node:internal/modules/cjs/loader:1108:12)
    at TracingChannel.traceSync (node:diagnostics_channel:322:14)
    at wrapModuleLoad (node:internal/modules/cjs/loader:220:24)
    at Module.require (node:internal/modules/cjs/loader:1311:12)
    at require (node:internal/modules/helpers:136:16)
    at startApplication (/usr/local/lsws/fcgi-bin/lsnode.js:48:15)

Node.js v22.14.0
/home/jmvvznbb/finanze/server.js:602
app.post('/api/users', authenticateToken, requireAdmin, async (req, res) => {
                                          ^

ReferenceError: requireAdmin is not defined
    at Object.<anonymous> (/home/jmvvznbb/finanze/server.js:602:43)
    at Module._compile (node:internal/modules/cjs/loader:1554:14)
    at Module._extensions..js (node:internal/modules/cjs/loader:1706:10)
    at Module.load (node:internal/modules/cjs/loader:1289:32)
    at Module._load (node:internal/modules/cjs/loader:1108:12)
    at TracingChannel.traceSync (node:diagnostics_channel:322:14)
    at wrapModuleLoad (node:internal/modules/cjs/loader:220:24)
    at Module.require (node:internal/modules/cjs/loader:1311:12)
    at require (node:internal/modules/helpers:136:16)
    at startApplication (/usr/local/lsws/fcgi-bin/lsnode.js:48:15)

Node.js v22.14.0
/home/jmvvznbb/finanze/server.js:602
app.post('/api/users', authenticateToken, requireAdmin, async (req, res) => {
                                          ^

ReferenceError: requireAdmin is not defined
    at Object.<anonymous> (/home/jmvvznbb/finanze/server.js:602:43)
    at Module._compile (node:internal/modules/cjs/loader:1554:14)
    at Module._extensions..js (node:internal/modules/cjs/loader:1706:10)
    at Module.load (node:internal/modules/cjs/loader:1289:32)
    at Module._load (node:internal/modules/cjs/loader:1108:12)
    at TracingChannel.traceSync (node:diagnostics_channel:322:14)
    at wrapModuleLoad (node:internal/modules/cjs/loader:220:24)
    at Module.require (node:internal/modules/cjs/loader:1311:12)
    at require (node:internal/modules/helpers:136:16)
    at startApplication (/usr/local/lsws/fcgi-bin/lsnode.js:48:15)

Node.js v22.14.0
/home/jmvvznbb/finanze/server.js:127
    } else {
    ^

SyntaxError: Missing catch or finally after try
    at wrapSafe (node:internal/modules/cjs/loader:1486:18)
    at Module._compile (node:internal/modules/cjs/loader:1528:20)
    at Module._extensions..js (node:internal/modules/cjs/loader:1706:10)
    at Module.load (node:internal/modules/cjs/loader:1289:32)
    at Module._load (node:internal/modules/cjs/loader:1108:12)
    at TracingChannel.traceSync (node:diagnostics_channel:322:14)
    at wrapModuleLoad (node:internal/modules/cjs/loader:220:24)
    at Module.require (node:internal/modules/cjs/loader:1311:12)
    at require (node:internal/modules/helpers:136:16)
    at startApplication (/usr/local/lsws/fcgi-bin/lsnode.js:48:15)

Node.js v22.14.0
/home/jmvvznbb/finanze/server.js:127
    } else {
    ^

SyntaxError: Missing catch or finally after try
    at wrapSafe (node:internal/modules/cjs/loader:1486:18)
    at Module._compile (node:internal/modules/cjs/loader:1528:20)
    at Module._extensions..js (node:internal/modules/cjs/loader:1706:10)
    at Module.load (node:internal/modules/cjs/loader:1289:32)
    at Module._load (node:internal/modules/cjs/loader:1108:12)
    at TracingChannel.traceSync (node:diagnostics_channel:322:14)
    at wrapModuleLoad (node:internal/modules/cjs/loader:220:24)
    at Module.require (node:internal/modules/cjs/loader:1311:12)
    at require (node:internal/modules/helpers:136:16)
    at startApplication (/usr/local/lsws/fcgi-bin/lsnode.js:48:15)

Node.js v22.14.0
/home/jmvvznbb/finanze/server.js:127
    } else {
    ^

SyntaxError: Missing catch or finally after try
    at wrapSafe (node:internal/modules/cjs/loader:1486:18)
    at Module._compile (node:internal/modules/cjs/loader:1528:20)
    at Module._extensions..js (node:internal/modules/cjs/loader:1706:10)
    at Module.load (node:internal/modules/cjs/loader:1289:32)
    at Module._load (node:internal/modules/cjs/loader:1108:12)
    at TracingChannel.traceSync (node:diagnostics_channel:322:14)
    at wrapModuleLoad (node:internal/modules/cjs/loader:220:24)
    at Module.require (node:internal/modules/cjs/loader:1311:12)
    at require (node:internal/modules/helpers:136:16)
    at startApplication (/usr/local/lsws/fcgi-bin/lsnode.js:48:15)

Node.js v22.14.0
/home/jmvvznbb/finanze/server.js:127
    } else {
    ^

SyntaxError: Missing catch or finally after try
    at wrapSafe (node:internal/modules/cjs/loader:1486:18)
    at Module._compile (node:internal/modules/cjs/loader:1528:20)
    at Module._extensions..js (node:internal/modules/cjs/loader:1706:10)
    at Module.load (node:internal/modules/cjs/loader:1289:32)
    at Module._load (node:internal/modules/cjs/loader:1108:12)
    at TracingChannel.traceSync (node:diagnostics_channel:322:14)
    at wrapModuleLoad (node:internal/modules/cjs/loader:220:24)
    at Module.require (node:internal/modules/cjs/loader:1311:12)
    at require (node:internal/modules/helpers:136:16)
    at startApplication (/usr/local/lsws/fcgi-bin/lsnode.js:48:15)

Node.js v22.14.0
/home/jmvvznbb/finanze/server.js:127
    } else {
    ^

SyntaxError: Missing catch or finally after try
    at wrapSafe (node:internal/modules/cjs/loader:1486:18)
    at Module._compile (node:internal/modules/cjs/loader:1528:20)
    at Module._extensions..js (node:internal/modules/cjs/loader:1706:10)
    at Module.load (node:internal/modules/cjs/loader:1289:32)
    at Module._load (node:internal/modules/cjs/loader:1108:12)
    at TracingChannel.traceSync (node:diagnostics_channel:322:14)
    at wrapModuleLoad (node:internal/modules/cjs/loader:220:24)
    at Module.require (node:internal/modules/cjs/loader:1311:12)
    at require (node:internal/modules/helpers:136:16)
    at startApplication (/usr/local/lsws/fcgi-bin/lsnode.js:48:15)

Node.js v22.14.0
/home/jmvvznbb/finanze/server.js:127
    } else {
    ^

SyntaxError: Missing catch or finally after try
    at wrapSafe (node:internal/modules/cjs/loader:1486:18)
    at Module._compile (node:internal/modules/cjs/loader:1528:20)
    at Module._extensions..js (node:internal/modules/cjs/loader:1706:10)
    at Module.load (node:internal/modules/cjs/loader:1289:32)
    at Module._load (node:internal/modules/cjs/loader:1108:12)
    at TracingChannel.traceSync (node:diagnostics_channel:322:14)
    at wrapModuleLoad (node:internal/modules/cjs/loader:220:24)
    at Module.require (node:internal/modules/cjs/loader:1311:12)
    at require (node:internal/modules/helpers:136:16)
    at startApplication (/usr/local/lsws/fcgi-bin/lsnode.js:48:15)

Node.js v22.14.0
/home/jmvvznbb/finanze/server.js:127
    } else {
    ^

SyntaxError: Missing catch or finally after try
    at wrapSafe (node:internal/modules/cjs/loader:1486:18)
    at Module._compile (node:internal/modules/cjs/loader:1528:20)
    at Module._extensions..js (node:internal/modules/cjs/loader:1706:10)
    at Module.load (node:internal/modules/cjs/loader:1289:32)
    at Module._load (node:internal/modules/cjs/loader:1108:12)
    at TracingChannel.traceSync (node:diagnostics_channel:322:14)
    at wrapModuleLoad (node:internal/modules/cjs/loader:220:24)
    at Module.require (node:internal/modules/cjs/loader:1311:12)
    at require (node:internal/modules/helpers:136:16)
    at startApplication (/usr/local/lsws/fcgi-bin/lsnode.js:48:15)

Node.js v22.14.0
/home/jmvvznbb/finanze/server.js:127
    } else {
    ^

SyntaxError: Missing catch or finally after try
    at wrapSafe (node:internal/modules/cjs/loader:1486:18)
    at Module._compile (node:internal/modules/cjs/loader:1528:20)
    at Module._extensions..js (node:internal/modules/cjs/loader:1706:10)
    at Module.load (node:internal/modules/cjs/loader:1289:32)
    at Module._load (node:internal/modules/cjs/loader:1108:12)
    at TracingChannel.traceSync (node:diagnostics_channel:322:14)
    at wrapModuleLoad (node:internal/modules/cjs/loader:220:24)
    at Module.require (node:internal/modules/cjs/loader:1311:12)
    at require (node:internal/modules/helpers:136:16)
    at startApplication (/usr/local/lsws/fcgi-bin/lsnode.js:48:15)

Node.js v22.14.0
/home/jmvvznbb/finanze/server.js:127
    } else {
    ^

SyntaxError: Missing catch or finally after try
    at wrapSafe (node:internal/modules/cjs/loader:1486:18)
    at Module._compile (node:internal/modules/cjs/loader:1528:20)
    at Module._extensions..js (node:internal/modules/cjs/loader:1706:10)
    at Module.load (node:internal/modules/cjs/loader:1289:32)
    at Module._load (node:internal/modules/cjs/loader:1108:12)
    at TracingChannel.traceSync (node:diagnostics_channel:322:14)
    at wrapModuleLoad (node:internal/modules/cjs/loader:220:24)
    at Module.require (node:internal/modules/cjs/loader:1311:12)
    at require (node:internal/modules/helpers:136:16)
    at startApplication (/usr/local/lsws/fcgi-bin/lsnode.js:48:15)

Node.js v22.14.0
/home/jmvvznbb/finanze/server.js:127
    } else {
    ^

SyntaxError: Missing catch or finally after try
    at wrapSafe (node:internal/modules/cjs/loader:1486:18)
    at Module._compile (node:internal/modules/cjs/loader:1528:20)
    at Module._extensions..js (node:internal/modules/cjs/loader:1706:10)
    at Module.load (node:internal/modules/cjs/loader:1289:32)
    at Module._load (node:internal/modules/cjs/loader:1108:12)
    at TracingChannel.traceSync (node:diagnostics_channel:322:14)
    at wrapModuleLoad (node:internal/modules/cjs/loader:220:24)
    at Module.require (node:internal/modules/cjs/loader:1311:12)
    at require (node:internal/modules/helpers:136:16)
    at startApplication (/usr/local/lsws/fcgi-bin/lsnode.js:48:15)

Node.js v22.14.0
/home/jmvvznbb/finanze/server.js:127
    } else {
    ^

SyntaxError: Missing catch or finally after try
    at wrapSafe (node:internal/modules/cjs/loader:1486:18)
    at Module._compile (node:internal/modules/cjs/loader:1528:20)
    at Module._extensions..js (node:internal/modules/cjs/loader:1706:10)
    at Module.load (node:internal/modules/cjs/loader:1289:32)
    at Module._load (node:internal/modules/cjs/loader:1108:12)
    at TracingChannel.traceSync (node:diagnostics_channel:322:14)
    at wrapModuleLoad (node:internal/modules/cjs/loader:220:24)
    at Module.require (node:internal/modules/cjs/loader:1311:12)
    at require (node:internal/modules/helpers:136:16)
    at startApplication (/usr/local/lsws/fcgi-bin/lsnode.js:48:15)

Node.js v22.14.0
/home/jmvvznbb/finanze/server.js:127
    } else {
    ^

SyntaxError: Missing catch or finally after try
    at wrapSafe (node:internal/modules/cjs/loader:1486:18)
    at Module._compile (node:internal/modules/cjs/loader:1528:20)
    at Module._extensions..js (node:internal/modules/cjs/loader:1706:10)
    at Module.load (node:internal/modules/cjs/loader:1289:32)
    at Module._load (node:internal/modules/cjs/loader:1108:12)
    at TracingChannel.traceSync (node:diagnostics_channel:322:14)
    at wrapModuleLoad (node:internal/modules/cjs/loader:220:24)
    at Module.require (node:internal/modules/cjs/loader:1311:12)
    at require (node:internal/modules/helpers:136:16)
    at startApplication (/usr/local/lsws/fcgi-bin/lsnode.js:48:15)

Node.js v22.14.0
